<?xml version="1.0" encoding="UTF-8"?>
<!-- Generated by org.testng.reporters.JUnitReportReporter -->
<testsuite hostname="LAPTOP-5RDHJT7U" failures="0" tests="1" name="TestRunner.Test3" time="5.329" errors="0" timestamp="2024-08-24T21:56:29 IST" skipped="0">
  <testcase classname="TestRunner.Test3" name="runScenario" time="5.329"/>
  <system-out/>
</testsuite> <!-- TestRunner.Test3 -->
