<?xml version="1.0" encoding="UTF-8"?>
<!-- Generated by org.testng.reporters.JUnitReportReporter -->
<testsuite hostname="LAPTOP-5RDHJT7U" failures="0" tests="1" name="TestRunner.Test1" time="39.760" errors="0" timestamp="2024-08-26T18:56:20 IST" skipped="0">
  <testcase classname="TestRunner.Test1" name="runScenario" time="39.760"/>
  <system-out/>
</testsuite> <!-- TestRunner.Test1 -->
